e:\文档\project\cpp核心编程\类和对象\类和对象2\类和对象2\debug\vc142.pdb
e:\文档\project\cpp核心编程\类和对象\类和对象2\类和对象2\debug\vc142.idb
e:\文档\project\cpp核心编程\类和对象\类和对象2\类和对象2\debug\9、静态成员函数.obj
e:\文档\project\cpp核心编程\类和对象\类和对象2\类和对象2\debug\8、静态成员.obj
e:\文档\project\cpp核心编程\类和对象\类和对象2\类和对象2\debug\7、类对象作为类成员.obj
e:\文档\project\cpp核心编程\类和对象\类和对象2\类和对象2\debug\6、初始化列表.obj
e:\文档\project\cpp核心编程\类和对象\类和对象2\类和对象2\debug\5、深拷贝和浅拷贝.obj
e:\文档\project\cpp核心编程\类和对象\类和对象2\类和对象2\debug\4、构造函数调用规则.obj
e:\文档\project\cpp核心编程\类和对象\类和对象2\类和对象2\debug\3、拷贝构造函数调用时机.obj
e:\文档\project\cpp核心编程\类和对象\类和对象2\类和对象2\debug\2、构造函数的分类及调用.obj
e:\文档\project\cpp核心编程\类和对象\类和对象2\类和对象2\debug\1、对象的初始化和清理.obj
e:\文档\project\cpp核心编程\类和对象\类和对象2\debug\对象的初始化和清理.pdb
e:\文档\project\cpp核心编程\类和对象\类和对象2\类和对象2\debug\对象的初始化和清理.tlog\cl.command.1.tlog
e:\文档\project\cpp核心编程\类和对象\类和对象2\类和对象2\debug\对象的初始化和清理.tlog\cl.read.1.tlog
e:\文档\project\cpp核心编程\类和对象\类和对象2\类和对象2\debug\对象的初始化和清理.tlog\cl.write.1.tlog
e:\文档\project\cpp核心编程\类和对象\类和对象2\类和对象2\debug\对象的初始化和清理.tlog\link-cvtres.read.1.tlog
e:\文档\project\cpp核心编程\类和对象\类和对象2\类和对象2\debug\对象的初始化和清理.tlog\link-cvtres.write.1.tlog
e:\文档\project\cpp核心编程\类和对象\类和对象2\类和对象2\debug\对象的初始化和清理.tlog\link-rc.read.1.tlog
e:\文档\project\cpp核心编程\类和对象\类和对象2\类和对象2\debug\对象的初始化和清理.tlog\link-rc.write.1.tlog
e:\文档\project\cpp核心编程\类和对象\类和对象2\类和对象2\debug\对象的初始化和清理.tlog\link.command.1.tlog
e:\文档\project\cpp核心编程\类和对象\类和对象2\类和对象2\debug\对象的初始化和清理.tlog\link.read.1.tlog
e:\文档\project\cpp核心编程\类和对象\类和对象2\类和对象2\debug\对象的初始化和清理.tlog\link.write.1.tlog
